[11:41:38] [ServerMain/ERROR]: Failed to load properties from file: server.properties
java.nio.file.NoSuchFileException: server.properties
	at java.base/sun.nio.fs.UnixException.translateToIOException(UnixException.java:92) ~[?:?]
	at java.base/sun.nio.fs.UnixException.rethrowAsIOException(UnixException.java:106) ~[?:?]
	at java.base/sun.nio.fs.UnixException.rethrowAsIOException(UnixException.java:111) ~[?:?]
	at java.base/sun.nio.fs.UnixFileSystemProvider.newByteChannel(UnixFileSystemProvider.java:261) ~[?:?]
	at java.base/java.nio.file.Files.newByteChannel(Files.java:379) ~[?:?]
	at java.base/java.nio.file.Files.newByteChannel(Files.java:431) ~[?:?]
	at java.base/java.nio.file.spi.FileSystemProvider.newInputStream(FileSystemProvider.java:420) ~[?:?]
	at java.base/java.nio.file.Files.newInputStream(Files.java:159) ~[?:?]
	at apr.b(SourceFile:62) ~[server-1.21.1.jar:?]
	at apo.a(SourceFile:141) ~[server-1.21.1.jar:?]
	at app.<init>(SourceFile:12) ~[server-1.21.1.jar:?]
	at net.minecraft.server.Main.main(SourceFile:114) ~[server-1.21.1.jar:?]
	at net.minecraft.bundler.Main.lambda$run$0(Main.java:54) ~[?:?]
	at java.base/java.lang.Thread.run(Thread.java:1583) [?:?]
[11:41:38] [ServerMain/INFO]: Environment: Environment[sessionHost=https://sessionserver.mojang.com, servicesHost=https://api.minecraftservices.com, name=PROD]
[11:41:39] [ServerMain/INFO]: No existing world data, creating new world
[11:41:39] [ServerMain/INFO]: Loaded 1290 recipes
[11:41:39] [ServerMain/INFO]: Loaded 1399 advancements
[11:41:40] [Server thread/INFO]: Starting minecraft server version 1.21.1
[11:41:40] [Server thread/INFO]: Loading properties
[11:41:40] [Server thread/INFO]: Default game type: SURVIVAL
[11:41:40] [Server thread/INFO]: Generating keypair
[11:41:40] [Server thread/INFO]: Starting Minecraft server on *:25565
[11:41:40] [Server thread/INFO]: Using epoll channel type
[11:41:40] [Server thread/INFO]: Preparing level "world"
[11:41:48] [Server thread/INFO]: Preparing start region for dimension minecraft:overworld
[11:41:48] [Worker-Main-2/INFO]: Preparing spawn area: 2%
[11:41:49] [Worker-Main-2/INFO]: Preparing spawn area: 2%
[11:41:49] [Worker-Main-3/INFO]: Preparing spawn area: 2%
[11:41:50] [Worker-Main-3/INFO]: Preparing spawn area: 2%
[11:41:50] [Worker-Main-3/INFO]: Preparing spawn area: 2%
[11:41:51] [Worker-Main-1/INFO]: Preparing spawn area: 12%
[11:41:51] [Worker-Main-1/INFO]: Preparing spawn area: 18%
[11:41:52] [Worker-Main-2/INFO]: Preparing spawn area: 18%
[11:41:52] [Worker-Main-1/INFO]: Preparing spawn area: 18%
[11:41:53] [Worker-Main-3/INFO]: Preparing spawn area: 51%
[11:41:53] [Worker-Main-1/INFO]: Preparing spawn area: 51%
[11:41:54] [Worker-Main-2/INFO]: Preparing spawn area: 51%
[11:41:54] [Worker-Main-3/INFO]: Preparing spawn area: 51%
[11:41:54] [Server thread/INFO]: Time elapsed: 6323 ms
[11:41:54] [Server thread/INFO]: Done (14.431s)! For help, type "help"
[11:41:57] [Server thread/INFO]: Stopping the server
[11:41:57] [Server thread/INFO]: Stopping server
[11:41:57] [Server thread/INFO]: Saving players
[11:41:57] [Server thread/INFO]: Saving worlds
[11:41:58] [Server thread/INFO]: Saving chunks for level 'ServerLevel[world]'/minecraft:overworld
[11:42:11] [Server thread/INFO]: Saving chunks for level 'ServerLevel[world]'/minecraft:the_nether
[11:42:11] [Server thread/INFO]: Saving chunks for level 'ServerLevel[world]'/minecraft:the_end
[11:42:11] [Server thread/INFO]: ThreadedAnvilChunkStorage (world): All chunks are saved
[11:42:11] [Server thread/INFO]: ThreadedAnvilChunkStorage (DIM-1): All chunks are saved
[11:42:11] [Server thread/INFO]: ThreadedAnvilChunkStorage (DIM1): All chunks are saved
[11:42:11] [Server thread/INFO]: ThreadedAnvilChunkStorage: All dimensions are saved
